<?xml version="1.0" encoding="UTF-8"?>
<!-- Generated by org.testng.reporters.JUnitReportReporter -->
<testsuite skipped="0" hostname="MPINDO02PC652" name="com.org.test.HomePage" tests="1" failures="0" timestamp="08 Jul 2019 13:53:54 GMT" time="26.432" errors="0">
  <testcase name="mytestmethod" time="26.432" classname="com.org.test.HomePage"/>
</testsuite> <!-- com.org.test.HomePage -->
