<?xml version="1.0" encoding="UTF-8"?>
<!-- Generated by org.testng.reporters.JUnitReportReporter -->
<testsuite skipped="0" hostname="MPINDO02PC652" name="com.org.test.HomePageTest" tests="1" failures="0" timestamp="15 Jul 2019 07:30:01 GMT" time="49.655" errors="0">
  <testcase name="mytestmethod" time="49.655" classname="com.org.test.HomePageTest"/>
</testsuite> <!-- com.org.test.HomePageTest -->
